2018-04-13 08:29:54.381 DEBUG 72179 --- [main] o.s.w.c.s.StandardServletEnvironment     : Adding PropertySource 'configurationProperties' with highest search precedence
2018-04-13 08:29:54.468 DEBUG 72179 --- [main] o.s.w.c.s.StandardServletEnvironment     : Adding PropertySource 'servletConfigInitParams' with lowest search precedence
2018-04-13 08:29:54.468 DEBUG 72179 --- [main] o.s.w.c.s.StandardServletEnvironment     : Adding PropertySource 'servletContextInitParams' with lowest search precedence
2018-04-13 08:29:54.468 DEBUG 72179 --- [main] o.s.w.c.s.StandardServletEnvironment     : Adding PropertySource 'systemProperties' with lowest search precedence
2018-04-13 08:29:54.468 DEBUG 72179 --- [main] o.s.w.c.s.StandardServletEnvironment     : Adding PropertySource 'systemEnvironment' with lowest search precedence
2018-04-13 08:29:54.469 DEBUG 72179 --- [main] o.s.w.c.s.StandardServletEnvironment     : Initialized StandardServletEnvironment with PropertySources [StubPropertySource {name='servletConfigInitParams'}, StubPropertySource {name='servletContextInitParams'}, MapPropertySource {name='systemProperties'}, SystemEnvironmentPropertySource {name='systemEnvironment'}]
2018-04-13 08:29:54.559  INFO 72179 --- [main] c.n.s.p.PracticeBootApplication          : Starting PracticeBootApplication on Nihals-MBP with PID 72179 (/Users/Nihalreddygurrala/Downloads/practiceBoot/target/classes started by Nihalreddygurrala in /Users/Nihalreddygurrala/Downloads/practiceBoot)
2018-04-13 08:29:54.561  INFO 72179 --- [main] c.n.s.p.PracticeBootApplication          : No active profile set, falling back to default profiles: default
2018-04-13 08:29:54.678  INFO 72179 --- [main] ConfigServletWebServerApplicationContext : Refreshing org.springframework.boot.web.servlet.context.AnnotationConfigServletWebServerApplicationContext@7a4ccb53: startup date [Fri Apr 13 08:29:54 EDT 2018]; root of context hierarchy
2018-04-13 08:29:55.732 DEBUG 72179 --- [main] o.s.w.c.s.StandardServletEnvironment     : Removing PropertySource 'defaultProperties'
2018-04-13 08:29:56.200  INFO 72179 --- [main] o.s.b.w.embedded.tomcat.TomcatWebServer  : Tomcat initialized with port(s): 8081 (http)
2018-04-13 08:29:56.238  INFO 72179 --- [main] o.apache.catalina.core.StandardService   : Starting service [Tomcat]
2018-04-13 08:29:56.239  INFO 72179 --- [main] org.apache.catalina.core.StandardEngine  : Starting Servlet Engine: Apache Tomcat/8.5.29
2018-04-13 08:29:56.255  INFO 72179 --- [localhost-startStop-1] o.a.catalina.core.AprLifecycleListener   : The APR based Apache Tomcat Native library which allows optimal performance in production environments was not found on the java.library.path: [/Users/Nihalreddygurrala/Library/Java/Extensions:/Library/Java/Extensions:/Network/Library/Java/Extensions:/System/Library/Java/Extensions:/usr/lib/java:.]
2018-04-13 08:29:56.403  INFO 72179 --- [localhost-startStop-1] o.a.c.c.C.[Tomcat].[localhost].[/]       : Initializing Spring embedded WebApplicationContext
2018-04-13 08:29:56.403 DEBUG 72179 --- [localhost-startStop-1] o.s.web.context.ContextLoader            : Published root WebApplicationContext as ServletContext attribute with name [org.springframework.web.context.WebApplicationContext.ROOT]
2018-04-13 08:29:56.403  INFO 72179 --- [localhost-startStop-1] o.s.web.context.ContextLoader            : Root WebApplicationContext: initialization completed in 1725 ms
2018-04-13 08:29:56.588  INFO 72179 --- [localhost-startStop-1] o.s.b.w.servlet.ServletRegistrationBean  : Servlet dispatcherServlet mapped to [/]
2018-04-13 08:29:56.593  INFO 72179 --- [localhost-startStop-1] o.s.b.w.servlet.FilterRegistrationBean   : Mapping filter: 'characterEncodingFilter' to: [/*]
2018-04-13 08:29:56.596  INFO 72179 --- [localhost-startStop-1] o.s.b.w.servlet.FilterRegistrationBean   : Mapping filter: 'hiddenHttpMethodFilter' to: [/*]
2018-04-13 08:29:56.596  INFO 72179 --- [localhost-startStop-1] o.s.b.w.servlet.FilterRegistrationBean   : Mapping filter: 'httpPutFormContentFilter' to: [/*]
2018-04-13 08:29:56.596  INFO 72179 --- [localhost-startStop-1] o.s.b.w.servlet.FilterRegistrationBean   : Mapping filter: 'requestContextFilter' to: [/*]
2018-04-13 08:29:56.637 DEBUG 72179 --- [main] o.s.w.c.s.StandardServletEnvironment     : Replacing PropertySource 'servletContextInitParams' with 'servletContextInitParams'
2018-04-13 08:29:56.773  INFO 72179 --- [main] o.s.w.s.handler.SimpleUrlHandlerMapping  : Mapped URL path [/**/favicon.ico] onto handler of type [class org.springframework.web.servlet.resource.ResourceHttpRequestHandler]
2018-04-13 08:29:57.074  INFO 72179 --- [main] s.w.s.m.m.a.RequestMappingHandlerAdapter : Looking for @ControllerAdvice: org.springframework.boot.web.servlet.context.AnnotationConfigServletWebServerApplicationContext@7a4ccb53: startup date [Fri Apr 13 08:29:54 EDT 2018]; root of context hierarchy
2018-04-13 08:29:57.165 DEBUG 72179 --- [main] s.w.s.m.m.a.RequestMappingHandlerMapping : Looking for request mappings in application context: org.springframework.boot.web.servlet.context.AnnotationConfigServletWebServerApplicationContext@7a4ccb53: startup date [Fri Apr 13 08:29:54 EDT 2018]; root of context hierarchy
2018-04-13 08:29:57.184 DEBUG 72179 --- [main] s.w.s.m.m.a.RequestMappingHandlerMapping : 2 request handler methods found on class org.springframework.boot.autoconfigure.web.servlet.error.BasicErrorController: {public org.springframework.http.ResponseEntity org.springframework.boot.autoconfigure.web.servlet.error.BasicErrorController.error(javax.servlet.http.HttpServletRequest)={[/error]}, public org.springframework.web.servlet.ModelAndView org.springframework.boot.autoconfigure.web.servlet.error.BasicErrorController.errorHtml(javax.servlet.http.HttpServletRequest,javax.servlet.http.HttpServletResponse)={[/error],produces=[text/html]}}
2018-04-13 08:29:57.185  INFO 72179 --- [main] s.w.s.m.m.a.RequestMappingHandlerMapping : Mapped "{[/error]}" onto public org.springframework.http.ResponseEntity<java.util.Map<java.lang.String, java.lang.Object>> org.springframework.boot.autoconfigure.web.servlet.error.BasicErrorController.error(javax.servlet.http.HttpServletRequest)
2018-04-13 08:29:57.187  INFO 72179 --- [main] s.w.s.m.m.a.RequestMappingHandlerMapping : Mapped "{[/error],produces=[text/html]}" onto public org.springframework.web.servlet.ModelAndView org.springframework.boot.autoconfigure.web.servlet.error.BasicErrorController.errorHtml(javax.servlet.http.HttpServletRequest,javax.servlet.http.HttpServletResponse)
2018-04-13 08:29:57.210 DEBUG 72179 --- [main] o.s.w.s.h.BeanNameUrlHandlerMapping      : Looking for URL mappings in application context: org.springframework.boot.web.servlet.context.AnnotationConfigServletWebServerApplicationContext@7a4ccb53: startup date [Fri Apr 13 08:29:54 EDT 2018]; root of context hierarchy
2018-04-13 08:29:57.210 DEBUG 72179 --- [main] o.s.w.s.h.BeanNameUrlHandlerMapping      : Rejected bean name 'org.springframework.context.annotation.internalConfigurationAnnotationProcessor': no URL paths identified
2018-04-13 08:29:57.210 DEBUG 72179 --- [main] o.s.w.s.h.BeanNameUrlHandlerMapping      : Rejected bean name 'org.springframework.context.annotation.internalAutowiredAnnotationProcessor': no URL paths identified
2018-04-13 08:29:57.211 DEBUG 72179 --- [main] o.s.w.s.h.BeanNameUrlHandlerMapping      : Rejected bean name 'org.springframework.context.annotation.internalRequiredAnnotationProcessor': no URL paths identified
2018-04-13 08:29:57.212 DEBUG 72179 --- [main] o.s.w.s.h.BeanNameUrlHandlerMapping      : Rejected bean name 'org.springframework.context.annotation.internalCommonAnnotationProcessor': no URL paths identified
2018-04-13 08:29:57.213 DEBUG 72179 --- [main] o.s.w.s.h.BeanNameUrlHandlerMapping      : Rejected bean name 'org.springframework.context.event.internalEventListenerProcessor': no URL paths identified
2018-04-13 08:29:57.213 DEBUG 72179 --- [main] o.s.w.s.h.BeanNameUrlHandlerMapping      : Rejected bean name 'org.springframework.context.event.internalEventListenerFactory': no URL paths identified
2018-04-13 08:29:57.213 DEBUG 72179 --- [main] o.s.w.s.h.BeanNameUrlHandlerMapping      : Rejected bean name 'practiceBootApplication': no URL paths identified
2018-04-13 08:29:57.213 DEBUG 72179 --- [main] o.s.w.s.h.BeanNameUrlHandlerMapping      : Rejected bean name 'org.springframework.boot.autoconfigure.internalCachingMetadataReaderFactory': no URL paths identified
2018-04-13 08:29:57.213 DEBUG 72179 --- [main] o.s.w.s.h.BeanNameUrlHandlerMapping      : Rejected bean name 'binarySearchImpl': no URL paths identified
2018-04-13 08:29:57.213 DEBUG 72179 --- [main] o.s.w.s.h.BeanNameUrlHandlerMapping      : Rejected bean name 'bubbleSortAlgorithm': no URL paths identified
2018-04-13 08:29:57.214 DEBUG 72179 --- [main] o.s.w.s.h.BeanNameUrlHandlerMapping      : Rejected bean name 'quickSortAlgorithm': no URL paths identified
2018-04-13 08:29:57.214 DEBUG 72179 --- [main] o.s.w.s.h.BeanNameUrlHandlerMapping      : Rejected bean name 'org.springframework.boot.autoconfigure.AutoConfigurationPackages': no URL paths identified
2018-04-13 08:29:57.214 DEBUG 72179 --- [main] o.s.w.s.h.BeanNameUrlHandlerMapping      : Rejected bean name 'org.springframework.boot.autoconfigure.context.PropertyPlaceholderAutoConfiguration': no URL paths identified
2018-04-13 08:29:57.214 DEBUG 72179 --- [main] o.s.w.s.h.BeanNameUrlHandlerMapping      : Rejected bean name 'org.springframework.boot.autoconfigure.condition.BeanTypeRegistry': no URL paths identified
2018-04-13 08:29:57.214 DEBUG 72179 --- [main] o.s.w.s.h.BeanNameUrlHandlerMapping      : Rejected bean name 'propertySourcesPlaceholderConfigurer': no URL paths identified
2018-04-13 08:29:57.214 DEBUG 72179 --- [main] o.s.w.s.h.BeanNameUrlHandlerMapping      : Rejected bean name 'org.springframework.boot.autoconfigure.websocket.servlet.WebSocketServletAutoConfiguration$TomcatWebSocketConfiguration': no URL paths identified
2018-04-13 08:29:57.214 DEBUG 72179 --- [main] o.s.w.s.h.BeanNameUrlHandlerMapping      : Rejected bean name 'websocketContainerCustomizer': no URL paths identified
2018-04-13 08:29:57.214 DEBUG 72179 --- [main] o.s.w.s.h.BeanNameUrlHandlerMapping      : Rejected bean name 'org.springframework.boot.autoconfigure.websocket.servlet.WebSocketServletAutoConfiguration': no URL paths identified
2018-04-13 08:29:57.215 DEBUG 72179 --- [main] o.s.w.s.h.BeanNameUrlHandlerMapping      : Rejected bean name 'org.springframework.boot.autoconfigure.web.servlet.ServletWebServerFactoryConfiguration$EmbeddedTomcat': no URL paths identified
2018-04-13 08:29:57.215 DEBUG 72179 --- [main] o.s.w.s.h.BeanNameUrlHandlerMapping      : Rejected bean name 'tomcatServletWebServerFactory': no URL paths identified
2018-04-13 08:29:57.215 DEBUG 72179 --- [main] o.s.w.s.h.BeanNameUrlHandlerMapping      : Rejected bean name 'org.springframework.boot.autoconfigure.web.servlet.ServletWebServerFactoryAutoConfiguration': no URL paths identified
2018-04-13 08:29:57.215 DEBUG 72179 --- [main] o.s.w.s.h.BeanNameUrlHandlerMapping      : Rejected bean name 'servletWebServerFactoryCustomizer': no URL paths identified
2018-04-13 08:29:57.215 DEBUG 72179 --- [main] o.s.w.s.h.BeanNameUrlHandlerMapping      : Rejected bean name 'tomcatServletWebServerFactoryCustomizer': no URL paths identified
2018-04-13 08:29:57.215 DEBUG 72179 --- [main] o.s.w.s.h.BeanNameUrlHandlerMapping      : Rejected bean name 'server-org.springframework.boot.autoconfigure.web.ServerProperties': no URL paths identified
2018-04-13 08:29:57.215 DEBUG 72179 --- [main] o.s.w.s.h.BeanNameUrlHandlerMapping      : Rejected bean name 'org.springframework.boot.context.properties.ConfigurationPropertiesBindingPostProcessor': no URL paths identified
2018-04-13 08:29:57.215 DEBUG 72179 --- [main] o.s.w.s.h.BeanNameUrlHandlerMapping      : Rejected bean name 'org.springframework.boot.context.properties.ConfigurationBeanFactoryMetadata': no URL paths identified
2018-04-13 08:29:57.216 DEBUG 72179 --- [main] o.s.w.s.h.BeanNameUrlHandlerMapping      : Rejected bean name 'webServerFactoryCustomizerBeanPostProcessor': no URL paths identified
2018-04-13 08:29:57.216 DEBUG 72179 --- [main] o.s.w.s.h.BeanNameUrlHandlerMapping      : Rejected bean name 'errorPageRegistrarBeanPostProcessor': no URL paths identified
2018-04-13 08:29:57.216 DEBUG 72179 --- [main] o.s.w.s.h.BeanNameUrlHandlerMapping      : Rejected bean name 'org.springframework.boot.autoconfigure.web.servlet.DispatcherServletAutoConfiguration$DispatcherServletConfiguration': no URL paths identified
2018-04-13 08:29:57.216 DEBUG 72179 --- [main] o.s.w.s.h.BeanNameUrlHandlerMapping      : Rejected bean name 'dispatcherServlet': no URL paths identified
2018-04-13 08:29:57.216 DEBUG 72179 --- [main] o.s.w.s.h.BeanNameUrlHandlerMapping      : Rejected bean name 'spring.mvc-org.springframework.boot.autoconfigure.web.servlet.WebMvcProperties': no URL paths identified
2018-04-13 08:29:57.216 DEBUG 72179 --- [main] o.s.w.s.h.BeanNameUrlHandlerMapping      : Rejected bean name 'org.springframework.boot.autoconfigure.web.servlet.DispatcherServletAutoConfiguration$DispatcherServletRegistrationConfiguration': no URL paths identified
2018-04-13 08:29:57.216 DEBUG 72179 --- [main] o.s.w.s.h.BeanNameUrlHandlerMapping      : Rejected bean name 'dispatcherServletRegistration': no URL paths identified
2018-04-13 08:29:57.216 DEBUG 72179 --- [main] o.s.w.s.h.BeanNameUrlHandlerMapping      : Rejected bean name 'org.springframework.boot.autoconfigure.web.servlet.DispatcherServletAutoConfiguration': no URL paths identified
2018-04-13 08:29:57.216 DEBUG 72179 --- [main] o.s.w.s.h.BeanNameUrlHandlerMapping      : Rejected bean name 'org.springframework.boot.autoconfigure.validation.ValidationAutoConfiguration': no URL paths identified
2018-04-13 08:29:57.217 DEBUG 72179 --- [main] o.s.w.s.h.BeanNameUrlHandlerMapping      : Rejected bean name 'defaultValidator': no URL paths identified
2018-04-13 08:29:57.217 DEBUG 72179 --- [main] o.s.w.s.h.BeanNameUrlHandlerMapping      : Rejected bean name 'methodValidationPostProcessor': no URL paths identified
2018-04-13 08:29:57.217 DEBUG 72179 --- [main] o.s.w.s.h.BeanNameUrlHandlerMapping      : Rejected bean name 'org.springframework.boot.autoconfigure.web.servlet.error.ErrorMvcAutoConfiguration$WhitelabelErrorViewConfiguration': no URL paths identified
2018-04-13 08:29:57.217 DEBUG 72179 --- [main] o.s.w.s.h.BeanNameUrlHandlerMapping      : Rejected bean name 'error': no URL paths identified
2018-04-13 08:29:57.217 DEBUG 72179 --- [main] o.s.w.s.h.BeanNameUrlHandlerMapping      : Rejected bean name 'beanNameViewResolver': no URL paths identified
2018-04-13 08:29:57.217 DEBUG 72179 --- [main] o.s.w.s.h.BeanNameUrlHandlerMapping      : Rejected bean name 'org.springframework.boot.autoconfigure.web.servlet.error.ErrorMvcAutoConfiguration$DefaultErrorViewResolverConfiguration': no URL paths identified
2018-04-13 08:29:57.217 DEBUG 72179 --- [main] o.s.w.s.h.BeanNameUrlHandlerMapping      : Rejected bean name 'conventionErrorViewResolver': no URL paths identified
2018-04-13 08:29:57.218 DEBUG 72179 --- [main] o.s.w.s.h.BeanNameUrlHandlerMapping      : Rejected bean name 'org.springframework.boot.autoconfigure.web.servlet.error.ErrorMvcAutoConfiguration': no URL paths identified
2018-04-13 08:29:57.218 DEBUG 72179 --- [main] o.s.w.s.h.BeanNameUrlHandlerMapping      : Rejected bean name 'errorAttributes': no URL paths identified
2018-04-13 08:29:57.218 DEBUG 72179 --- [main] o.s.w.s.h.BeanNameUrlHandlerMapping      : Rejected bean name 'basicErrorController': no URL paths identified
2018-04-13 08:29:57.218 DEBUG 72179 --- [main] o.s.w.s.h.BeanNameUrlHandlerMapping      : Rejected bean name 'errorPageCustomizer': no URL paths identified
2018-04-13 08:29:57.218 DEBUG 72179 --- [main] o.s.w.s.h.BeanNameUrlHandlerMapping      : Rejected bean name 'preserveErrorControllerTargetClassPostProcessor': no URL paths identified
2018-04-13 08:29:57.219 DEBUG 72179 --- [main] o.s.w.s.h.BeanNameUrlHandlerMapping      : Rejected bean name 'spring.resources-org.springframework.boot.autoconfigure.web.ResourceProperties': no URL paths identified
2018-04-13 08:29:57.219 DEBUG 72179 --- [main] o.s.w.s.h.BeanNameUrlHandlerMapping      : Rejected bean name 'org.springframework.boot.autoconfigure.web.servlet.WebMvcAutoConfiguration$WebMvcAutoConfigurationAdapter$FaviconConfiguration': no URL paths identified
2018-04-13 08:29:57.219 DEBUG 72179 --- [main] o.s.w.s.h.BeanNameUrlHandlerMapping      : Rejected bean name 'faviconHandlerMapping': no URL paths identified
2018-04-13 08:29:57.219 DEBUG 72179 --- [main] o.s.w.s.h.BeanNameUrlHandlerMapping      : Rejected bean name 'faviconRequestHandler': no URL paths identified
2018-04-13 08:29:57.219 DEBUG 72179 --- [main] o.s.w.s.h.BeanNameUrlHandlerMapping      : Rejected bean name 'org.springframework.boot.autoconfigure.web.servlet.WebMvcAutoConfiguration$EnableWebMvcConfiguration': no URL paths identified
2018-04-13 08:29:57.219 DEBUG 72179 --- [main] o.s.w.s.h.BeanNameUrlHandlerMapping      : Rejected bean name 'requestMappingHandlerAdapter': no URL paths identified
2018-04-13 08:29:57.219 DEBUG 72179 --- [main] o.s.w.s.h.BeanNameUrlHandlerMapping      : Rejected bean name 'requestMappingHandlerMapping': no URL paths identified
2018-04-13 08:29:57.219 DEBUG 72179 --- [main] o.s.w.s.h.BeanNameUrlHandlerMapping      : Rejected bean name 'mvcConversionService': no URL paths identified
2018-04-13 08:29:57.219 DEBUG 72179 --- [main] o.s.w.s.h.BeanNameUrlHandlerMapping      : Rejected bean name 'mvcValidator': no URL paths identified
2018-04-13 08:29:57.220 DEBUG 72179 --- [main] o.s.w.s.h.BeanNameUrlHandlerMapping      : Rejected bean name 'mvcContentNegotiationManager': no URL paths identified
2018-04-13 08:29:57.220 DEBUG 72179 --- [main] o.s.w.s.h.BeanNameUrlHandlerMapping      : Rejected bean name 'mvcPathMatcher': no URL paths identified
2018-04-13 08:29:57.220 DEBUG 72179 --- [main] o.s.w.s.h.BeanNameUrlHandlerMapping      : Rejected bean name 'mvcUrlPathHelper': no URL paths identified
2018-04-13 08:29:57.220 DEBUG 72179 --- [main] o.s.w.s.h.BeanNameUrlHandlerMapping      : Rejected bean name 'viewControllerHandlerMapping': no URL paths identified
2018-04-13 08:29:57.220 DEBUG 72179 --- [main] o.s.w.s.h.BeanNameUrlHandlerMapping      : Rejected bean name 'beanNameHandlerMapping': no URL paths identified
2018-04-13 08:29:57.220 DEBUG 72179 --- [main] o.s.w.s.h.BeanNameUrlHandlerMapping      : Rejected bean name 'resourceHandlerMapping': no URL paths identified
2018-04-13 08:29:57.220 DEBUG 72179 --- [main] o.s.w.s.h.BeanNameUrlHandlerMapping      : Rejected bean name 'mvcResourceUrlProvider': no URL paths identified
2018-04-13 08:29:57.220 DEBUG 72179 --- [main] o.s.w.s.h.BeanNameUrlHandlerMapping      : Rejected bean name 'defaultServletHandlerMapping': no URL paths identified
2018-04-13 08:29:57.221 DEBUG 72179 --- [main] o.s.w.s.h.BeanNameUrlHandlerMapping      : Rejected bean name 'mvcUriComponentsContributor': no URL paths identified
2018-04-13 08:29:57.221 DEBUG 72179 --- [main] o.s.w.s.h.BeanNameUrlHandlerMapping      : Rejected bean name 'httpRequestHandlerAdapter': no URL paths identified
2018-04-13 08:29:57.221 DEBUG 72179 --- [main] o.s.w.s.h.BeanNameUrlHandlerMapping      : Rejected bean name 'simpleControllerHandlerAdapter': no URL paths identified
2018-04-13 08:29:57.221 DEBUG 72179 --- [main] o.s.w.s.h.BeanNameUrlHandlerMapping      : Rejected bean name 'handlerExceptionResolver': no URL paths identified
2018-04-13 08:29:57.221 DEBUG 72179 --- [main] o.s.w.s.h.BeanNameUrlHandlerMapping      : Rejected bean name 'mvcViewResolver': no URL paths identified
2018-04-13 08:29:57.221 DEBUG 72179 --- [main] o.s.w.s.h.BeanNameUrlHandlerMapping      : Rejected bean name 'mvcHandlerMappingIntrospector': no URL paths identified
2018-04-13 08:29:57.221 DEBUG 72179 --- [main] o.s.w.s.h.BeanNameUrlHandlerMapping      : Rejected bean name 'org.springframework.boot.autoconfigure.web.servlet.WebMvcAutoConfiguration$WebMvcAutoConfigurationAdapter': no URL paths identified
2018-04-13 08:29:57.221 DEBUG 72179 --- [main] o.s.w.s.h.BeanNameUrlHandlerMapping      : Rejected bean name 'defaultViewResolver': no URL paths identified
2018-04-13 08:29:57.221 DEBUG 72179 --- [main] o.s.w.s.h.BeanNameUrlHandlerMapping      : Rejected bean name 'viewResolver': no URL paths identified
2018-04-13 08:29:57.221 DEBUG 72179 --- [main] o.s.w.s.h.BeanNameUrlHandlerMapping      : Rejected bean name 'welcomePageHandlerMapping': no URL paths identified
2018-04-13 08:29:57.222 DEBUG 72179 --- [main] o.s.w.s.h.BeanNameUrlHandlerMapping      : Rejected bean name 'requestContextFilter': no URL paths identified
2018-04-13 08:29:57.222 DEBUG 72179 --- [main] o.s.w.s.h.BeanNameUrlHandlerMapping      : Rejected bean name 'org.springframework.boot.autoconfigure.web.servlet.WebMvcAutoConfiguration': no URL paths identified
2018-04-13 08:29:57.222 DEBUG 72179 --- [main] o.s.w.s.h.BeanNameUrlHandlerMapping      : Rejected bean name 'hiddenHttpMethodFilter': no URL paths identified
2018-04-13 08:29:57.222 DEBUG 72179 --- [main] o.s.w.s.h.BeanNameUrlHandlerMapping      : Rejected bean name 'httpPutFormContentFilter': no URL paths identified
2018-04-13 08:29:57.222 DEBUG 72179 --- [main] o.s.w.s.h.BeanNameUrlHandlerMapping      : Rejected bean name 'org.springframework.boot.autoconfigure.jmx.JmxAutoConfiguration': no URL paths identified
2018-04-13 08:29:57.222 DEBUG 72179 --- [main] o.s.w.s.h.BeanNameUrlHandlerMapping      : Rejected bean name 'mbeanExporter': no URL paths identified
2018-04-13 08:29:57.223 DEBUG 72179 --- [main] o.s.w.s.h.BeanNameUrlHandlerMapping      : Rejected bean name 'objectNamingStrategy': no URL paths identified
2018-04-13 08:29:57.224 DEBUG 72179 --- [main] o.s.w.s.h.BeanNameUrlHandlerMapping      : Rejected bean name 'mbeanServer': no URL paths identified
2018-04-13 08:29:57.224 DEBUG 72179 --- [main] o.s.w.s.h.BeanNameUrlHandlerMapping      : Rejected bean name 'org.springframework.boot.autoconfigure.context.ConfigurationPropertiesAutoConfiguration': no URL paths identified
2018-04-13 08:29:57.224 DEBUG 72179 --- [main] o.s.w.s.h.BeanNameUrlHandlerMapping      : Rejected bean name 'org.springframework.boot.autoconfigure.jackson.JacksonAutoConfiguration$Jackson2ObjectMapperBuilderCustomizerConfiguration': no URL paths identified
2018-04-13 08:29:57.224 DEBUG 72179 --- [main] o.s.w.s.h.BeanNameUrlHandlerMapping      : Rejected bean name 'standardJacksonObjectMapperBuilderCustomizer': no URL paths identified
2018-04-13 08:29:57.225 DEBUG 72179 --- [main] o.s.w.s.h.BeanNameUrlHandlerMapping      : Rejected bean name 'spring.jackson-org.springframework.boot.autoconfigure.jackson.JacksonProperties': no URL paths identified
2018-04-13 08:29:57.225 DEBUG 72179 --- [main] o.s.w.s.h.BeanNameUrlHandlerMapping      : Rejected bean name 'org.springframework.boot.autoconfigure.jackson.JacksonAutoConfiguration$JacksonObjectMapperBuilderConfiguration': no URL paths identified
2018-04-13 08:29:57.225 DEBUG 72179 --- [main] o.s.w.s.h.BeanNameUrlHandlerMapping      : Rejected bean name 'jacksonObjectMapperBuilder': no URL paths identified
2018-04-13 08:29:57.225 DEBUG 72179 --- [main] o.s.w.s.h.BeanNameUrlHandlerMapping      : Rejected bean name 'org.springframework.boot.autoconfigure.jackson.JacksonAutoConfiguration$ParameterNamesModuleConfiguration': no URL paths identified
2018-04-13 08:29:57.225 DEBUG 72179 --- [main] o.s.w.s.h.BeanNameUrlHandlerMapping      : Rejected bean name 'parameterNamesModule': no URL paths identified
2018-04-13 08:29:57.225 DEBUG 72179 --- [main] o.s.w.s.h.BeanNameUrlHandlerMapping      : Rejected bean name 'org.springframework.boot.autoconfigure.jackson.JacksonAutoConfiguration$JacksonObjectMapperConfiguration': no URL paths identified
2018-04-13 08:29:57.225 DEBUG 72179 --- [main] o.s.w.s.h.BeanNameUrlHandlerMapping      : Rejected bean name 'jacksonObjectMapper': no URL paths identified
2018-04-13 08:29:57.226 DEBUG 72179 --- [main] o.s.w.s.h.BeanNameUrlHandlerMapping      : Rejected bean name 'org.springframework.boot.autoconfigure.jackson.JacksonAutoConfiguration': no URL paths identified
2018-04-13 08:29:57.226 DEBUG 72179 --- [main] o.s.w.s.h.BeanNameUrlHandlerMapping      : Rejected bean name 'jsonComponentModule': no URL paths identified
2018-04-13 08:29:57.226 DEBUG 72179 --- [main] o.s.w.s.h.BeanNameUrlHandlerMapping      : Rejected bean name 'org.springframework.boot.autoconfigure.http.HttpMessageConvertersAutoConfiguration$StringHttpMessageConverterConfiguration': no URL paths identified
2018-04-13 08:29:57.226 DEBUG 72179 --- [main] o.s.w.s.h.BeanNameUrlHandlerMapping      : Rejected bean name 'stringHttpMessageConverter': no URL paths identified
2018-04-13 08:29:57.226 DEBUG 72179 --- [main] o.s.w.s.h.BeanNameUrlHandlerMapping      : Rejected bean name 'spring.http.encoding-org.springframework.boot.autoconfigure.http.HttpEncodingProperties': no URL paths identified
2018-04-13 08:29:57.226 DEBUG 72179 --- [main] o.s.w.s.h.BeanNameUrlHandlerMapping      : Rejected bean name 'org.springframework.boot.autoconfigure.http.JacksonHttpMessageConvertersConfiguration$MappingJackson2HttpMessageConverterConfiguration': no URL paths identified
2018-04-13 08:29:57.227 DEBUG 72179 --- [main] o.s.w.s.h.BeanNameUrlHandlerMapping      : Rejected bean name 'mappingJackson2HttpMessageConverter': no URL paths identified
2018-04-13 08:29:57.228 DEBUG 72179 --- [main] o.s.w.s.h.BeanNameUrlHandlerMapping      : Rejected bean name 'org.springframework.boot.autoconfigure.http.JacksonHttpMessageConvertersConfiguration': no URL paths identified
2018-04-13 08:29:57.228 DEBUG 72179 --- [main] o.s.w.s.h.BeanNameUrlHandlerMapping      : Rejected bean name 'org.springframework.boot.autoconfigure.http.HttpMessageConvertersAutoConfiguration': no URL paths identified
2018-04-13 08:29:57.228 DEBUG 72179 --- [main] o.s.w.s.h.BeanNameUrlHandlerMapping      : Rejected bean name 'messageConverters': no URL paths identified
2018-04-13 08:29:57.228 DEBUG 72179 --- [main] o.s.w.s.h.BeanNameUrlHandlerMapping      : Rejected bean name 'org.springframework.boot.autoconfigure.http.codec.CodecsAutoConfiguration$JacksonCodecConfiguration': no URL paths identified
2018-04-13 08:29:57.228 DEBUG 72179 --- [main] o.s.w.s.h.BeanNameUrlHandlerMapping      : Rejected bean name 'jacksonCodecCustomizer': no URL paths identified
2018-04-13 08:29:57.228 DEBUG 72179 --- [main] o.s.w.s.h.BeanNameUrlHandlerMapping      : Rejected bean name 'org.springframework.boot.autoconfigure.http.codec.CodecsAutoConfiguration': no URL paths identified
2018-04-13 08:29:57.228 DEBUG 72179 --- [main] o.s.w.s.h.BeanNameUrlHandlerMapping      : Rejected bean name 'org.springframework.boot.autoconfigure.info.ProjectInfoAutoConfiguration': no URL paths identified
2018-04-13 08:29:57.228 DEBUG 72179 --- [main] o.s.w.s.h.BeanNameUrlHandlerMapping      : Rejected bean name 'spring.info-org.springframework.boot.autoconfigure.info.ProjectInfoProperties': no URL paths identified
2018-04-13 08:29:57.229 DEBUG 72179 --- [main] o.s.w.s.h.BeanNameUrlHandlerMapping      : Rejected bean name 'org.springframework.boot.autoconfigure.security.reactive.ReactiveSecurityAutoConfiguration': no URL paths identified
2018-04-13 08:29:57.229 DEBUG 72179 --- [main] o.s.w.s.h.BeanNameUrlHandlerMapping      : Rejected bean name 'spring.security-org.springframework.boot.autoconfigure.security.SecurityProperties': no URL paths identified
2018-04-13 08:29:57.229 DEBUG 72179 --- [main] o.s.w.s.h.BeanNameUrlHandlerMapping      : Rejected bean name 'org.springframework.boot.autoconfigure.web.client.RestTemplateAutoConfiguration': no URL paths identified
2018-04-13 08:29:57.229 DEBUG 72179 --- [main] o.s.w.s.h.BeanNameUrlHandlerMapping      : Rejected bean name 'restTemplateBuilder': no URL paths identified
2018-04-13 08:29:57.229 DEBUG 72179 --- [main] o.s.w.s.h.BeanNameUrlHandlerMapping      : Rejected bean name 'org.springframework.boot.autoconfigure.web.embedded.EmbeddedWebServerFactoryCustomizerAutoConfiguration$TomcatWebServerFactoryCustomizerConfiguration': no URL paths identified
2018-04-13 08:29:57.229 DEBUG 72179 --- [main] o.s.w.s.h.BeanNameUrlHandlerMapping      : Rejected bean name 'tomcatWebServerFactoryCustomizer': no URL paths identified
2018-04-13 08:29:57.229 DEBUG 72179 --- [main] o.s.w.s.h.BeanNameUrlHandlerMapping      : Rejected bean name 'org.springframework.boot.autoconfigure.web.embedded.EmbeddedWebServerFactoryCustomizerAutoConfiguration': no URL paths identified
2018-04-13 08:29:57.229 DEBUG 72179 --- [main] o.s.w.s.h.BeanNameUrlHandlerMapping      : Rejected bean name 'org.springframework.boot.autoconfigure.web.servlet.HttpEncodingAutoConfiguration': no URL paths identified
2018-04-13 08:29:57.229 DEBUG 72179 --- [main] o.s.w.s.h.BeanNameUrlHandlerMapping      : Rejected bean name 'characterEncodingFilter': no URL paths identified
2018-04-13 08:29:57.230 DEBUG 72179 --- [main] o.s.w.s.h.BeanNameUrlHandlerMapping      : Rejected bean name 'localeCharsetMappingsCustomizer': no URL paths identified
2018-04-13 08:29:57.230 DEBUG 72179 --- [main] o.s.w.s.h.BeanNameUrlHandlerMapping      : Rejected bean name 'org.springframework.boot.autoconfigure.web.servlet.MultipartAutoConfiguration': no URL paths identified
2018-04-13 08:29:57.230 DEBUG 72179 --- [main] o.s.w.s.h.BeanNameUrlHandlerMapping      : Rejected bean name 'multipartConfigElement': no URL paths identified
2018-04-13 08:29:57.230 DEBUG 72179 --- [main] o.s.w.s.h.BeanNameUrlHandlerMapping      : Rejected bean name 'multipartResolver': no URL paths identified
2018-04-13 08:29:57.230 DEBUG 72179 --- [main] o.s.w.s.h.BeanNameUrlHandlerMapping      : Rejected bean name 'spring.servlet.multipart-org.springframework.boot.autoconfigure.web.servlet.MultipartProperties': no URL paths identified
2018-04-13 08:29:57.230 DEBUG 72179 --- [main] o.s.w.s.h.BeanNameUrlHandlerMapping      : Rejected bean name 'autoConfigurationReport': no URL paths identified
2018-04-13 08:29:57.231 DEBUG 72179 --- [main] o.s.w.s.h.BeanNameUrlHandlerMapping      : Rejected bean name 'org.springframework.boot.context.ContextIdApplicationContextInitializer$ContextId': no URL paths identified
2018-04-13 08:29:57.231 DEBUG 72179 --- [main] o.s.w.s.h.BeanNameUrlHandlerMapping      : Rejected bean name 'springApplicationArguments': no URL paths identified
2018-04-13 08:29:57.231 DEBUG 72179 --- [main] o.s.w.s.h.BeanNameUrlHandlerMapping      : Rejected bean name 'springBootBanner': no URL paths identified
2018-04-13 08:29:57.231 DEBUG 72179 --- [main] o.s.w.s.h.BeanNameUrlHandlerMapping      : Rejected bean name 'springBootLoggingSystem': no URL paths identified
2018-04-13 08:29:57.231 DEBUG 72179 --- [main] o.s.w.s.h.BeanNameUrlHandlerMapping      : Rejected bean name 'environment': no URL paths identified
2018-04-13 08:29:57.231 DEBUG 72179 --- [main] o.s.w.s.h.BeanNameUrlHandlerMapping      : Rejected bean name 'systemProperties': no URL paths identified
2018-04-13 08:29:57.231 DEBUG 72179 --- [main] o.s.w.s.h.BeanNameUrlHandlerMapping      : Rejected bean name 'systemEnvironment': no URL paths identified
2018-04-13 08:29:57.231 DEBUG 72179 --- [main] o.s.w.s.h.BeanNameUrlHandlerMapping      : Rejected bean name 'org.springframework.context.annotation.ConfigurationClassPostProcessor.importRegistry': no URL paths identified
2018-04-13 08:29:57.231 DEBUG 72179 --- [main] o.s.w.s.h.BeanNameUrlHandlerMapping      : Rejected bean name 'messageSource': no URL paths identified
2018-04-13 08:29:57.231 DEBUG 72179 --- [main] o.s.w.s.h.BeanNameUrlHandlerMapping      : Rejected bean name 'applicationEventMulticaster': no URL paths identified
2018-04-13 08:29:57.232 DEBUG 72179 --- [main] o.s.w.s.h.BeanNameUrlHandlerMapping      : Rejected bean name 'servletContext': no URL paths identified
2018-04-13 08:29:57.232 DEBUG 72179 --- [main] o.s.w.s.h.BeanNameUrlHandlerMapping      : Rejected bean name 'contextParameters': no URL paths identified
2018-04-13 08:29:57.232 DEBUG 72179 --- [main] o.s.w.s.h.BeanNameUrlHandlerMapping      : Rejected bean name 'contextAttributes': no URL paths identified
2018-04-13 08:29:57.240  INFO 72179 --- [main] o.s.w.s.handler.SimpleUrlHandlerMapping  : Mapped URL path [/webjars/**] onto handler of type [class org.springframework.web.servlet.resource.ResourceHttpRequestHandler]
2018-04-13 08:29:57.241  INFO 72179 --- [main] o.s.w.s.handler.SimpleUrlHandlerMapping  : Mapped URL path [/**] onto handler of type [class org.springframework.web.servlet.resource.ResourceHttpRequestHandler]
2018-04-13 08:29:57.257 DEBUG 72179 --- [main] .m.m.a.ExceptionHandlerExceptionResolver : Looking for exception mappings: org.springframework.boot.web.servlet.context.AnnotationConfigServletWebServerApplicationContext@7a4ccb53: startup date [Fri Apr 13 08:29:54 EDT 2018]; root of context hierarchy
2018-04-13 08:29:57.461  INFO 72179 --- [main] o.s.j.e.a.AnnotationMBeanExporter        : Registering beans for JMX exposure on startup
2018-04-13 08:29:57.478 DEBUG 72179 --- [main] o.s.w.s.resource.ResourceUrlProvider     : Looking for resource handler mappings
2018-04-13 08:29:57.479 DEBUG 72179 --- [main] o.s.w.s.resource.ResourceUrlProvider     : Found resource handler mapping: URL pattern="/**/favicon.ico", locations=[class path resource [META-INF/resources/], class path resource [resources/], class path resource [static/], class path resource [public/], ServletContext resource [/], class path resource []], resolvers=[org.springframework.web.servlet.resource.PathResourceResolver@50b8ae8d]
2018-04-13 08:29:57.479 DEBUG 72179 --- [main] o.s.w.s.resource.ResourceUrlProvider     : Found resource handler mapping: URL pattern="/webjars/**", locations=[class path resource [META-INF/resources/webjars/]], resolvers=[org.springframework.web.servlet.resource.PathResourceResolver@255990cc]
2018-04-13 08:29:57.479 DEBUG 72179 --- [main] o.s.w.s.resource.ResourceUrlProvider     : Found resource handler mapping: URL pattern="/**", locations=[class path resource [META-INF/resources/], class path resource [resources/], class path resource [static/], class path resource [public/], ServletContext resource [/]], resolvers=[org.springframework.web.servlet.resource.PathResourceResolver@51c929ae]
2018-04-13 08:29:57.530  INFO 72179 --- [main] o.s.b.w.embedded.tomcat.TomcatWebServer  : Tomcat started on port(s): 8081 (http) with context path ''
2018-04-13 08:29:57.531 DEBUG 72179 --- [main] o.s.w.c.s.StandardServletEnvironment     : Adding PropertySource 'server.ports' with highest search precedence
2018-04-13 08:29:57.536  INFO 72179 --- [main] c.n.s.p.PracticeBootApplication          : Started PracticeBootApplication in 3.528 seconds (JVM running for 4.114)
2018-04-13 08:29:57.544  INFO 72179 --- [main] c.n.s.p.PracticeBootApplication          : com.nihal.springboot.practiceBoot.BinarySearchImpl@3e792ce3
2018-04-13 08:29:57.545  INFO 72179 --- [main] c.n.s.p.PracticeBootApplication          : com.nihal.springboot.practiceBoot.BinarySearchImpl@53bc1328
2018-04-13 08:29:57.545  INFO 72179 --- [main] c.n.s.p.PracticeBootApplication          : Element is found at index: 2
2018-04-13 08:30:27.647  INFO 72179 --- [Thread-3] ConfigServletWebServerApplicationContext : Closing org.springframework.boot.web.servlet.context.AnnotationConfigServletWebServerApplicationContext@7a4ccb53: startup date [Fri Apr 13 08:29:54 EDT 2018]; root of context hierarchy
2018-04-13 08:30:27.649  INFO 72179 --- [Thread-3] o.s.j.e.a.AnnotationMBeanExporter        : Unregistering JMX-exposed beans on shutdown
2018-04-13 14:37:04.660  INFO 9804 --- [main] c.n.s.p.PracticeBootBasicApplication     : Starting PracticeBootBasicApplication on WS3155 with PID 9804 (C:\Users\ngurrala\Downloads\GIT\PracticeBoot\target\classes started by ngurrala in C:\Users\ngurrala\Downloads\GIT\PracticeBoot)
2018-04-13 14:37:04.669  INFO 9804 --- [main] c.n.s.p.PracticeBootBasicApplication     : No active profile set, falling back to default profiles: default
2018-04-13 14:37:04.744  INFO 9804 --- [main] s.c.a.AnnotationConfigApplicationContext : Refreshing org.springframework.context.annotation.AnnotationConfigApplicationContext@23529fee: startup date [Fri Apr 13 14:37:04 EDT 2018]; root of context hierarchy
2018-04-13 14:37:05.980  INFO 9804 --- [main] o.s.j.e.a.AnnotationMBeanExporter        : Registering beans for JMX exposure on startup
2018-04-13 14:37:05.998  INFO 9804 --- [main] c.n.s.p.PracticeBootBasicApplication     : Started PracticeBootBasicApplication in 1.859 seconds (JVM running for 2.46)
2018-04-13 14:37:06.001  INFO 9804 --- [main] c.n.s.p.PracticeBootBasicApplication     : com.nihal.springboot.practiceBoot.scope.personsDAO@64bce832
2018-04-13 14:37:06.002  INFO 9804 --- [main] c.n.s.p.PracticeBootBasicApplication     : com.nihal.springboot.practiceBoot.scope.personsDAO@64bce832
2018-04-13 14:37:06.003  INFO 9804 --- [Thread-2] s.c.a.AnnotationConfigApplicationContext : Closing org.springframework.context.annotation.AnnotationConfigApplicationContext@23529fee: startup date [Fri Apr 13 14:37:04 EDT 2018]; root of context hierarchy
2018-04-13 14:37:06.005  INFO 9804 --- [Thread-2] o.s.j.e.a.AnnotationMBeanExporter        : Unregistering JMX-exposed beans on shutdown
2018-04-13 14:38:10.225  INFO 584 --- [main] c.n.s.p.PracticeBootBasicApplication     : Starting PracticeBootBasicApplication on WS3155 with PID 584 (C:\Users\ngurrala\Downloads\GIT\PracticeBoot\target\classes started by ngurrala in C:\Users\ngurrala\Downloads\GIT\PracticeBoot)
2018-04-13 14:38:10.230  INFO 584 --- [main] c.n.s.p.PracticeBootBasicApplication     : No active profile set, falling back to default profiles: default
2018-04-13 14:38:10.295  INFO 584 --- [main] s.c.a.AnnotationConfigApplicationContext : Refreshing org.springframework.context.annotation.AnnotationConfigApplicationContext@197d671: startup date [Fri Apr 13 14:38:10 EDT 2018]; root of context hierarchy
2018-04-13 14:38:11.704  INFO 584 --- [main] o.s.j.e.a.AnnotationMBeanExporter        : Registering beans for JMX exposure on startup
2018-04-13 14:38:11.722  INFO 584 --- [main] c.n.s.p.PracticeBootBasicApplication     : Started PracticeBootBasicApplication in 2.02 seconds (JVM running for 2.625)
2018-04-13 14:38:11.725  INFO 584 --- [main] c.n.s.p.PracticeBootBasicApplication     : com.nihal.springboot.practiceBoot.scope.personsDAO@1603cd68
2018-04-13 14:38:11.726  INFO 584 --- [main] c.n.s.p.PracticeBootBasicApplication     : com.nihal.springboot.practiceBoot.scope.JDBCConnectionBean@9ebe38b
2018-04-13 14:38:11.726  INFO 584 --- [main] c.n.s.p.PracticeBootBasicApplication     : com.nihal.springboot.practiceBoot.scope.personsDAO@1603cd68
2018-04-13 14:38:11.726  INFO 584 --- [main] c.n.s.p.PracticeBootBasicApplication     : com.nihal.springboot.practiceBoot.scope.JDBCConnectionBean@9ebe38b
2018-04-13 14:38:11.727  INFO 584 --- [Thread-2] s.c.a.AnnotationConfigApplicationContext : Closing org.springframework.context.annotation.AnnotationConfigApplicationContext@197d671: startup date [Fri Apr 13 14:38:10 EDT 2018]; root of context hierarchy
2018-04-13 14:38:11.729  INFO 584 --- [Thread-2] o.s.j.e.a.AnnotationMBeanExporter        : Unregistering JMX-exposed beans on shutdown
2018-04-13 14:39:12.384  INFO 2692 --- [main] c.n.s.p.PracticeBootBasicApplication     : Starting PracticeBootBasicApplication on WS3155 with PID 2692 (C:\Users\ngurrala\Downloads\GIT\PracticeBoot\target\classes started by ngurrala in C:\Users\ngurrala\Downloads\GIT\PracticeBoot)
2018-04-13 14:39:12.389  INFO 2692 --- [main] c.n.s.p.PracticeBootBasicApplication     : No active profile set, falling back to default profiles: default
2018-04-13 14:39:12.452  INFO 2692 --- [main] s.c.a.AnnotationConfigApplicationContext : Refreshing org.springframework.context.annotation.AnnotationConfigApplicationContext@1df82230: startup date [Fri Apr 13 14:39:12 EDT 2018]; root of context hierarchy
2018-04-13 14:39:13.629  INFO 2692 --- [main] o.s.j.e.a.AnnotationMBeanExporter        : Registering beans for JMX exposure on startup
2018-04-13 14:39:13.647  INFO 2692 --- [main] c.n.s.p.PracticeBootBasicApplication     : Started PracticeBootBasicApplication in 1.767 seconds (JVM running for 2.398)
2018-04-13 14:39:13.650  INFO 2692 --- [main] c.n.s.p.PracticeBootBasicApplication     : com.nihal.springboot.practiceBoot.scope.personsDAO@13ad5cd3
2018-04-13 14:39:13.651  INFO 2692 --- [main] c.n.s.p.PracticeBootBasicApplication     : com.nihal.springboot.practiceBoot.scope.JDBCConnectionBean@1c33c17b
2018-04-13 14:39:13.651  INFO 2692 --- [main] c.n.s.p.PracticeBootBasicApplication     : com.nihal.springboot.practiceBoot.scope.personsDAO@13ad5cd3
2018-04-13 14:39:13.651  INFO 2692 --- [main] c.n.s.p.PracticeBootBasicApplication     : com.nihal.springboot.practiceBoot.scope.JDBCConnectionBean@1c33c17b
2018-04-13 14:39:13.653  INFO 2692 --- [Thread-2] s.c.a.AnnotationConfigApplicationContext : Closing org.springframework.context.annotation.AnnotationConfigApplicationContext@1df82230: startup date [Fri Apr 13 14:39:12 EDT 2018]; root of context hierarchy
2018-04-13 14:39:13.655  INFO 2692 --- [Thread-2] o.s.j.e.a.AnnotationMBeanExporter        : Unregistering JMX-exposed beans on shutdown
2018-04-13 14:41:27.414  INFO 19044 --- [main] c.n.s.p.PracticeBootBasicApplication     : Starting PracticeBootBasicApplication on WS3155 with PID 19044 (C:\Users\ngurrala\Downloads\GIT\PracticeBoot\target\classes started by ngurrala in C:\Users\ngurrala\Downloads\GIT\PracticeBoot)
2018-04-13 14:41:27.419  INFO 19044 --- [main] c.n.s.p.PracticeBootBasicApplication     : No active profile set, falling back to default profiles: default
2018-04-13 14:41:27.483  INFO 19044 --- [main] s.c.a.AnnotationConfigApplicationContext : Refreshing org.springframework.context.annotation.AnnotationConfigApplicationContext@2fd6b6c7: startup date [Fri Apr 13 14:41:27 EDT 2018]; root of context hierarchy
2018-04-13 14:41:28.659  INFO 19044 --- [main] o.s.j.e.a.AnnotationMBeanExporter        : Registering beans for JMX exposure on startup
2018-04-13 14:41:28.679  INFO 19044 --- [main] c.n.s.p.PracticeBootBasicApplication     : Started PracticeBootBasicApplication in 1.788 seconds (JVM running for 2.404)
2018-04-13 14:41:28.682  INFO 19044 --- [main] c.n.s.p.PracticeBootBasicApplication     : com.nihal.springboot.practiceBoot.scope.personsDAO@531f4093
2018-04-13 14:41:28.682  INFO 19044 --- [main] c.n.s.p.PracticeBootBasicApplication     : com.nihal.springboot.practiceBoot.scope.JDBCConnectionBean@5a18cd76
2018-04-13 14:41:28.696  INFO 19044 --- [main] c.n.s.p.PracticeBootBasicApplication     : com.nihal.springboot.practiceBoot.scope.personsDAO@531f4093
2018-04-13 14:41:28.696  INFO 19044 --- [main] c.n.s.p.PracticeBootBasicApplication     : com.nihal.springboot.practiceBoot.scope.JDBCConnectionBean@3da30852
2018-04-13 14:41:28.698  INFO 19044 --- [Thread-2] s.c.a.AnnotationConfigApplicationContext : Closing org.springframework.context.annotation.AnnotationConfigApplicationContext@2fd6b6c7: startup date [Fri Apr 13 14:41:27 EDT 2018]; root of context hierarchy
2018-04-13 14:41:28.700  INFO 19044 --- [Thread-2] o.s.j.e.a.AnnotationMBeanExporter        : Unregistering JMX-exposed beans on shutdown
2018-04-14 13:02:56.533 DEBUG 76529 --- [main] o.s.w.c.s.StandardServletEnvironment     : Adding PropertySource 'configurationProperties' with highest search precedence
2018-04-14 13:02:56.648 DEBUG 76529 --- [main] o.s.w.c.s.StandardServletEnvironment     : Adding PropertySource 'servletConfigInitParams' with lowest search precedence
2018-04-14 13:02:56.649 DEBUG 76529 --- [main] o.s.w.c.s.StandardServletEnvironment     : Adding PropertySource 'servletContextInitParams' with lowest search precedence
2018-04-14 13:02:56.649 DEBUG 76529 --- [main] o.s.w.c.s.StandardServletEnvironment     : Adding PropertySource 'systemProperties' with lowest search precedence
2018-04-14 13:02:56.649 DEBUG 76529 --- [main] o.s.w.c.s.StandardServletEnvironment     : Adding PropertySource 'systemEnvironment' with lowest search precedence
2018-04-14 13:02:56.650 DEBUG 76529 --- [main] o.s.w.c.s.StandardServletEnvironment     : Initialized StandardServletEnvironment with PropertySources [StubPropertySource {name='servletConfigInitParams'}, StubPropertySource {name='servletContextInitParams'}, MapPropertySource {name='systemProperties'}, SystemEnvironmentPropertySource {name='systemEnvironment'}]
2018-04-14 13:02:56.761  INFO 76529 --- [main] c.n.s.p.PracticeBootBasicApplication     : Starting PracticeBootBasicApplication on Nihals-MBP with PID 76529 (/Users/Nihalreddygurrala/Downloads/practiceBoot/target/classes started by Nihalreddygurrala in /Users/Nihalreddygurrala/Downloads/practiceBoot)
2018-04-14 13:02:56.762  INFO 76529 --- [main] c.n.s.p.PracticeBootBasicApplication     : No active profile set, falling back to default profiles: default
2018-04-14 13:02:56.876  INFO 76529 --- [main] ConfigServletWebServerApplicationContext : Refreshing org.springframework.boot.web.servlet.context.AnnotationConfigServletWebServerApplicationContext@7a4ccb53: startup date [Sat Apr 14 13:02:56 EDT 2018]; root of context hierarchy
2018-04-14 13:02:58.084 DEBUG 76529 --- [main] o.s.w.c.s.StandardServletEnvironment     : Removing PropertySource 'defaultProperties'
2018-04-14 13:02:58.663  INFO 76529 --- [main] o.s.b.w.embedded.tomcat.TomcatWebServer  : Tomcat initialized with port(s): 8081 (http)
2018-04-14 13:02:58.706  INFO 76529 --- [main] o.apache.catalina.core.StandardService   : Starting service [Tomcat]
2018-04-14 13:02:58.707  INFO 76529 --- [main] org.apache.catalina.core.StandardEngine  : Starting Servlet Engine: Apache Tomcat/8.5.29
2018-04-14 13:02:58.724  INFO 76529 --- [localhost-startStop-1] o.a.catalina.core.AprLifecycleListener   : The APR based Apache Tomcat Native library which allows optimal performance in production environments was not found on the java.library.path: [/Users/Nihalreddygurrala/Library/Java/Extensions:/Library/Java/Extensions:/Network/Library/Java/Extensions:/System/Library/Java/Extensions:/usr/lib/java:.]
2018-04-14 13:02:58.870  INFO 76529 --- [localhost-startStop-1] o.a.c.c.C.[Tomcat].[localhost].[/]       : Initializing Spring embedded WebApplicationContext
2018-04-14 13:02:58.871 DEBUG 76529 --- [localhost-startStop-1] o.s.web.context.ContextLoader            : Published root WebApplicationContext as ServletContext attribute with name [org.springframework.web.context.WebApplicationContext.ROOT]
2018-04-14 13:02:58.871  INFO 76529 --- [localhost-startStop-1] o.s.web.context.ContextLoader            : Root WebApplicationContext: initialization completed in 1995 ms
2018-04-14 13:02:59.030  INFO 76529 --- [localhost-startStop-1] o.s.b.w.servlet.ServletRegistrationBean  : Servlet dispatcherServlet mapped to [/]
2018-04-14 13:02:59.035  INFO 76529 --- [localhost-startStop-1] o.s.b.w.servlet.FilterRegistrationBean   : Mapping filter: 'characterEncodingFilter' to: [/*]
2018-04-14 13:02:59.036  INFO 76529 --- [localhost-startStop-1] o.s.b.w.servlet.FilterRegistrationBean   : Mapping filter: 'hiddenHttpMethodFilter' to: [/*]
2018-04-14 13:02:59.037  INFO 76529 --- [localhost-startStop-1] o.s.b.w.servlet.FilterRegistrationBean   : Mapping filter: 'httpPutFormContentFilter' to: [/*]
2018-04-14 13:02:59.037  INFO 76529 --- [localhost-startStop-1] o.s.b.w.servlet.FilterRegistrationBean   : Mapping filter: 'requestContextFilter' to: [/*]
2018-04-14 13:02:59.089 DEBUG 76529 --- [main] o.s.w.c.s.StandardServletEnvironment     : Replacing PropertySource 'servletContextInitParams' with 'servletContextInitParams'
2018-04-14 13:02:59.294  INFO 76529 --- [main] o.s.w.s.handler.SimpleUrlHandlerMapping  : Mapped URL path [/**/favicon.ico] onto handler of type [class org.springframework.web.servlet.resource.ResourceHttpRequestHandler]
2018-04-14 13:02:59.580  INFO 76529 --- [main] s.w.s.m.m.a.RequestMappingHandlerAdapter : Looking for @ControllerAdvice: org.springframework.boot.web.servlet.context.AnnotationConfigServletWebServerApplicationContext@7a4ccb53: startup date [Sat Apr 14 13:02:56 EDT 2018]; root of context hierarchy
2018-04-14 13:02:59.669 DEBUG 76529 --- [main] s.w.s.m.m.a.RequestMappingHandlerMapping : Looking for request mappings in application context: org.springframework.boot.web.servlet.context.AnnotationConfigServletWebServerApplicationContext@7a4ccb53: startup date [Sat Apr 14 13:02:56 EDT 2018]; root of context hierarchy
2018-04-14 13:02:59.687 DEBUG 76529 --- [main] s.w.s.m.m.a.RequestMappingHandlerMapping : 2 request handler methods found on class org.springframework.boot.autoconfigure.web.servlet.error.BasicErrorController: {public org.springframework.http.ResponseEntity org.springframework.boot.autoconfigure.web.servlet.error.BasicErrorController.error(javax.servlet.http.HttpServletRequest)={[/error]}, public org.springframework.web.servlet.ModelAndView org.springframework.boot.autoconfigure.web.servlet.error.BasicErrorController.errorHtml(javax.servlet.http.HttpServletRequest,javax.servlet.http.HttpServletResponse)={[/error],produces=[text/html]}}
2018-04-14 13:02:59.689  INFO 76529 --- [main] s.w.s.m.m.a.RequestMappingHandlerMapping : Mapped "{[/error]}" onto public org.springframework.http.ResponseEntity<java.util.Map<java.lang.String, java.lang.Object>> org.springframework.boot.autoconfigure.web.servlet.error.BasicErrorController.error(javax.servlet.http.HttpServletRequest)
2018-04-14 13:02:59.690  INFO 76529 --- [main] s.w.s.m.m.a.RequestMappingHandlerMapping : Mapped "{[/error],produces=[text/html]}" onto public org.springframework.web.servlet.ModelAndView org.springframework.boot.autoconfigure.web.servlet.error.BasicErrorController.errorHtml(javax.servlet.http.HttpServletRequest,javax.servlet.http.HttpServletResponse)
2018-04-14 13:02:59.710 DEBUG 76529 --- [main] o.s.w.s.h.BeanNameUrlHandlerMapping      : Looking for URL mappings in application context: org.springframework.boot.web.servlet.context.AnnotationConfigServletWebServerApplicationContext@7a4ccb53: startup date [Sat Apr 14 13:02:56 EDT 2018]; root of context hierarchy
2018-04-14 13:02:59.710 DEBUG 76529 --- [main] o.s.w.s.h.BeanNameUrlHandlerMapping      : Rejected bean name 'org.springframework.context.annotation.internalConfigurationAnnotationProcessor': no URL paths identified
2018-04-14 13:02:59.710 DEBUG 76529 --- [main] o.s.w.s.h.BeanNameUrlHandlerMapping      : Rejected bean name 'org.springframework.context.annotation.internalAutowiredAnnotationProcessor': no URL paths identified
2018-04-14 13:02:59.710 DEBUG 76529 --- [main] o.s.w.s.h.BeanNameUrlHandlerMapping      : Rejected bean name 'org.springframework.context.annotation.internalRequiredAnnotationProcessor': no URL paths identified
2018-04-14 13:02:59.710 DEBUG 76529 --- [main] o.s.w.s.h.BeanNameUrlHandlerMapping      : Rejected bean name 'org.springframework.context.annotation.internalCommonAnnotationProcessor': no URL paths identified
2018-04-14 13:02:59.710 DEBUG 76529 --- [main] o.s.w.s.h.BeanNameUrlHandlerMapping      : Rejected bean name 'org.springframework.context.event.internalEventListenerProcessor': no URL paths identified
2018-04-14 13:02:59.711 DEBUG 76529 --- [main] o.s.w.s.h.BeanNameUrlHandlerMapping      : Rejected bean name 'org.springframework.context.event.internalEventListenerFactory': no URL paths identified
2018-04-14 13:02:59.711 DEBUG 76529 --- [main] o.s.w.s.h.BeanNameUrlHandlerMapping      : Rejected bean name 'practiceBootBasicApplication': no URL paths identified
2018-04-14 13:02:59.711 DEBUG 76529 --- [main] o.s.w.s.h.BeanNameUrlHandlerMapping      : Rejected bean name 'org.springframework.boot.autoconfigure.internalCachingMetadataReaderFactory': no URL paths identified
2018-04-14 13:02:59.711 DEBUG 76529 --- [main] o.s.w.s.h.BeanNameUrlHandlerMapping      : Rejected bean name 'binarySearchImpl': no URL paths identified
2018-04-14 13:02:59.711 DEBUG 76529 --- [main] o.s.w.s.h.BeanNameUrlHandlerMapping      : Rejected bean name 'bubbleSortAlgorithm': no URL paths identified
2018-04-14 13:02:59.711 DEBUG 76529 --- [main] o.s.w.s.h.BeanNameUrlHandlerMapping      : Rejected bean name 'quickSortAlgorithm': no URL paths identified
2018-04-14 13:02:59.711 DEBUG 76529 --- [main] o.s.w.s.h.BeanNameUrlHandlerMapping      : Rejected bean name 'scopedTarget.JDBCConnectionBean': no URL paths identified
2018-04-14 13:02:59.711 DEBUG 76529 --- [main] o.s.w.s.h.BeanNameUrlHandlerMapping      : Rejected bean name 'JDBCConnectionBean': no URL paths identified
2018-04-14 13:02:59.712 DEBUG 76529 --- [main] o.s.w.s.h.BeanNameUrlHandlerMapping      : Rejected bean name 'personsDAO': no URL paths identified
2018-04-14 13:02:59.712 DEBUG 76529 --- [main] o.s.w.s.h.BeanNameUrlHandlerMapping      : Rejected bean name 'org.springframework.boot.autoconfigure.AutoConfigurationPackages': no URL paths identified
2018-04-14 13:02:59.712 DEBUG 76529 --- [main] o.s.w.s.h.BeanNameUrlHandlerMapping      : Rejected bean name 'org.springframework.boot.autoconfigure.context.PropertyPlaceholderAutoConfiguration': no URL paths identified
2018-04-14 13:02:59.712 DEBUG 76529 --- [main] o.s.w.s.h.BeanNameUrlHandlerMapping      : Rejected bean name 'org.springframework.boot.autoconfigure.condition.BeanTypeRegistry': no URL paths identified
2018-04-14 13:02:59.712 DEBUG 76529 --- [main] o.s.w.s.h.BeanNameUrlHandlerMapping      : Rejected bean name 'propertySourcesPlaceholderConfigurer': no URL paths identified
2018-04-14 13:02:59.712 DEBUG 76529 --- [main] o.s.w.s.h.BeanNameUrlHandlerMapping      : Rejected bean name 'org.springframework.boot.autoconfigure.websocket.servlet.WebSocketServletAutoConfiguration$TomcatWebSocketConfiguration': no URL paths identified
2018-04-14 13:02:59.712 DEBUG 76529 --- [main] o.s.w.s.h.BeanNameUrlHandlerMapping      : Rejected bean name 'websocketContainerCustomizer': no URL paths identified
2018-04-14 13:02:59.712 DEBUG 76529 --- [main] o.s.w.s.h.BeanNameUrlHandlerMapping      : Rejected bean name 'org.springframework.boot.autoconfigure.websocket.servlet.WebSocketServletAutoConfiguration': no URL paths identified
2018-04-14 13:02:59.712 DEBUG 76529 --- [main] o.s.w.s.h.BeanNameUrlHandlerMapping      : Rejected bean name 'org.springframework.boot.autoconfigure.web.servlet.ServletWebServerFactoryConfiguration$EmbeddedTomcat': no URL paths identified
2018-04-14 13:02:59.713 DEBUG 76529 --- [main] o.s.w.s.h.BeanNameUrlHandlerMapping      : Rejected bean name 'tomcatServletWebServerFactory': no URL paths identified
2018-04-14 13:02:59.713 DEBUG 76529 --- [main] o.s.w.s.h.BeanNameUrlHandlerMapping      : Rejected bean name 'org.springframework.boot.autoconfigure.web.servlet.ServletWebServerFactoryAutoConfiguration': no URL paths identified
2018-04-14 13:02:59.713 DEBUG 76529 --- [main] o.s.w.s.h.BeanNameUrlHandlerMapping      : Rejected bean name 'servletWebServerFactoryCustomizer': no URL paths identified
2018-04-14 13:02:59.713 DEBUG 76529 --- [main] o.s.w.s.h.BeanNameUrlHandlerMapping      : Rejected bean name 'tomcatServletWebServerFactoryCustomizer': no URL paths identified
2018-04-14 13:02:59.714 DEBUG 76529 --- [main] o.s.w.s.h.BeanNameUrlHandlerMapping      : Rejected bean name 'server-org.springframework.boot.autoconfigure.web.ServerProperties': no URL paths identified
2018-04-14 13:02:59.714 DEBUG 76529 --- [main] o.s.w.s.h.BeanNameUrlHandlerMapping      : Rejected bean name 'org.springframework.boot.context.properties.ConfigurationPropertiesBindingPostProcessor': no URL paths identified
2018-04-14 13:02:59.714 DEBUG 76529 --- [main] o.s.w.s.h.BeanNameUrlHandlerMapping      : Rejected bean name 'org.springframework.boot.context.properties.ConfigurationBeanFactoryMetadata': no URL paths identified
2018-04-14 13:02:59.714 DEBUG 76529 --- [main] o.s.w.s.h.BeanNameUrlHandlerMapping      : Rejected bean name 'webServerFactoryCustomizerBeanPostProcessor': no URL paths identified
2018-04-14 13:02:59.714 DEBUG 76529 --- [main] o.s.w.s.h.BeanNameUrlHandlerMapping      : Rejected bean name 'errorPageRegistrarBeanPostProcessor': no URL paths identified
2018-04-14 13:02:59.714 DEBUG 76529 --- [main] o.s.w.s.h.BeanNameUrlHandlerMapping      : Rejected bean name 'org.springframework.boot.autoconfigure.web.servlet.DispatcherServletAutoConfiguration$DispatcherServletConfiguration': no URL paths identified
2018-04-14 13:02:59.714 DEBUG 76529 --- [main] o.s.w.s.h.BeanNameUrlHandlerMapping      : Rejected bean name 'dispatcherServlet': no URL paths identified
2018-04-14 13:02:59.715 DEBUG 76529 --- [main] o.s.w.s.h.BeanNameUrlHandlerMapping      : Rejected bean name 'spring.mvc-org.springframework.boot.autoconfigure.web.servlet.WebMvcProperties': no URL paths identified
2018-04-14 13:02:59.715 DEBUG 76529 --- [main] o.s.w.s.h.BeanNameUrlHandlerMapping      : Rejected bean name 'org.springframework.boot.autoconfigure.web.servlet.DispatcherServletAutoConfiguration$DispatcherServletRegistrationConfiguration': no URL paths identified
2018-04-14 13:02:59.715 DEBUG 76529 --- [main] o.s.w.s.h.BeanNameUrlHandlerMapping      : Rejected bean name 'dispatcherServletRegistration': no URL paths identified
2018-04-14 13:02:59.715 DEBUG 76529 --- [main] o.s.w.s.h.BeanNameUrlHandlerMapping      : Rejected bean name 'org.springframework.boot.autoconfigure.web.servlet.DispatcherServletAutoConfiguration': no URL paths identified
2018-04-14 13:02:59.716 DEBUG 76529 --- [main] o.s.w.s.h.BeanNameUrlHandlerMapping      : Rejected bean name 'org.springframework.boot.autoconfigure.validation.ValidationAutoConfiguration': no URL paths identified
2018-04-14 13:02:59.716 DEBUG 76529 --- [main] o.s.w.s.h.BeanNameUrlHandlerMapping      : Rejected bean name 'defaultValidator': no URL paths identified
2018-04-14 13:02:59.716 DEBUG 76529 --- [main] o.s.w.s.h.BeanNameUrlHandlerMapping      : Rejected bean name 'methodValidationPostProcessor': no URL paths identified
2018-04-14 13:02:59.716 DEBUG 76529 --- [main] o.s.w.s.h.BeanNameUrlHandlerMapping      : Rejected bean name 'org.springframework.boot.autoconfigure.web.servlet.error.ErrorMvcAutoConfiguration$WhitelabelErrorViewConfiguration': no URL paths identified
2018-04-14 13:02:59.716 DEBUG 76529 --- [main] o.s.w.s.h.BeanNameUrlHandlerMapping      : Rejected bean name 'error': no URL paths identified
2018-04-14 13:02:59.716 DEBUG 76529 --- [main] o.s.w.s.h.BeanNameUrlHandlerMapping      : Rejected bean name 'beanNameViewResolver': no URL paths identified
2018-04-14 13:02:59.716 DEBUG 76529 --- [main] o.s.w.s.h.BeanNameUrlHandlerMapping      : Rejected bean name 'org.springframework.boot.autoconfigure.web.servlet.error.ErrorMvcAutoConfiguration$DefaultErrorViewResolverConfiguration': no URL paths identified
2018-04-14 13:02:59.716 DEBUG 76529 --- [main] o.s.w.s.h.BeanNameUrlHandlerMapping      : Rejected bean name 'conventionErrorViewResolver': no URL paths identified
2018-04-14 13:02:59.716 DEBUG 76529 --- [main] o.s.w.s.h.BeanNameUrlHandlerMapping      : Rejected bean name 'org.springframework.boot.autoconfigure.web.servlet.error.ErrorMvcAutoConfiguration': no URL paths identified
2018-04-14 13:02:59.717 DEBUG 76529 --- [main] o.s.w.s.h.BeanNameUrlHandlerMapping      : Rejected bean name 'errorAttributes': no URL paths identified
2018-04-14 13:02:59.717 DEBUG 76529 --- [main] o.s.w.s.h.BeanNameUrlHandlerMapping      : Rejected bean name 'basicErrorController': no URL paths identified
2018-04-14 13:02:59.717 DEBUG 76529 --- [main] o.s.w.s.h.BeanNameUrlHandlerMapping      : Rejected bean name 'errorPageCustomizer': no URL paths identified
2018-04-14 13:02:59.717 DEBUG 76529 --- [main] o.s.w.s.h.BeanNameUrlHandlerMapping      : Rejected bean name 'preserveErrorControllerTargetClassPostProcessor': no URL paths identified
2018-04-14 13:02:59.717 DEBUG 76529 --- [main] o.s.w.s.h.BeanNameUrlHandlerMapping      : Rejected bean name 'spring.resources-org.springframework.boot.autoconfigure.web.ResourceProperties': no URL paths identified
2018-04-14 13:02:59.717 DEBUG 76529 --- [main] o.s.w.s.h.BeanNameUrlHandlerMapping      : Rejected bean name 'org.springframework.boot.autoconfigure.web.servlet.WebMvcAutoConfiguration$WebMvcAutoConfigurationAdapter$FaviconConfiguration': no URL paths identified
2018-04-14 13:02:59.717 DEBUG 76529 --- [main] o.s.w.s.h.BeanNameUrlHandlerMapping      : Rejected bean name 'faviconHandlerMapping': no URL paths identified
2018-04-14 13:02:59.717 DEBUG 76529 --- [main] o.s.w.s.h.BeanNameUrlHandlerMapping      : Rejected bean name 'faviconRequestHandler': no URL paths identified
2018-04-14 13:02:59.717 DEBUG 76529 --- [main] o.s.w.s.h.BeanNameUrlHandlerMapping      : Rejected bean name 'org.springframework.boot.autoconfigure.web.servlet.WebMvcAutoConfiguration$EnableWebMvcConfiguration': no URL paths identified
2018-04-14 13:02:59.717 DEBUG 76529 --- [main] o.s.w.s.h.BeanNameUrlHandlerMapping      : Rejected bean name 'requestMappingHandlerAdapter': no URL paths identified
2018-04-14 13:02:59.718 DEBUG 76529 --- [main] o.s.w.s.h.BeanNameUrlHandlerMapping      : Rejected bean name 'requestMappingHandlerMapping': no URL paths identified
2018-04-14 13:02:59.718 DEBUG 76529 --- [main] o.s.w.s.h.BeanNameUrlHandlerMapping      : Rejected bean name 'mvcConversionService': no URL paths identified
2018-04-14 13:02:59.718 DEBUG 76529 --- [main] o.s.w.s.h.BeanNameUrlHandlerMapping      : Rejected bean name 'mvcValidator': no URL paths identified
2018-04-14 13:02:59.718 DEBUG 76529 --- [main] o.s.w.s.h.BeanNameUrlHandlerMapping      : Rejected bean name 'mvcContentNegotiationManager': no URL paths identified
2018-04-14 13:02:59.718 DEBUG 76529 --- [main] o.s.w.s.h.BeanNameUrlHandlerMapping      : Rejected bean name 'mvcPathMatcher': no URL paths identified
2018-04-14 13:02:59.718 DEBUG 76529 --- [main] o.s.w.s.h.BeanNameUrlHandlerMapping      : Rejected bean name 'mvcUrlPathHelper': no URL paths identified
2018-04-14 13:02:59.718 DEBUG 76529 --- [main] o.s.w.s.h.BeanNameUrlHandlerMapping      : Rejected bean name 'viewControllerHandlerMapping': no URL paths identified
2018-04-14 13:02:59.718 DEBUG 76529 --- [main] o.s.w.s.h.BeanNameUrlHandlerMapping      : Rejected bean name 'beanNameHandlerMapping': no URL paths identified
2018-04-14 13:02:59.719 DEBUG 76529 --- [main] o.s.w.s.h.BeanNameUrlHandlerMapping      : Rejected bean name 'resourceHandlerMapping': no URL paths identified
2018-04-14 13:02:59.719 DEBUG 76529 --- [main] o.s.w.s.h.BeanNameUrlHandlerMapping      : Rejected bean name 'mvcResourceUrlProvider': no URL paths identified
2018-04-14 13:02:59.719 DEBUG 76529 --- [main] o.s.w.s.h.BeanNameUrlHandlerMapping      : Rejected bean name 'defaultServletHandlerMapping': no URL paths identified
2018-04-14 13:02:59.719 DEBUG 76529 --- [main] o.s.w.s.h.BeanNameUrlHandlerMapping      : Rejected bean name 'mvcUriComponentsContributor': no URL paths identified
2018-04-14 13:02:59.719 DEBUG 76529 --- [main] o.s.w.s.h.BeanNameUrlHandlerMapping      : Rejected bean name 'httpRequestHandlerAdapter': no URL paths identified
2018-04-14 13:02:59.719 DEBUG 76529 --- [main] o.s.w.s.h.BeanNameUrlHandlerMapping      : Rejected bean name 'simpleControllerHandlerAdapter': no URL paths identified
2018-04-14 13:02:59.719 DEBUG 76529 --- [main] o.s.w.s.h.BeanNameUrlHandlerMapping      : Rejected bean name 'handlerExceptionResolver': no URL paths identified
2018-04-14 13:02:59.719 DEBUG 76529 --- [main] o.s.w.s.h.BeanNameUrlHandlerMapping      : Rejected bean name 'mvcViewResolver': no URL paths identified
2018-04-14 13:02:59.719 DEBUG 76529 --- [main] o.s.w.s.h.BeanNameUrlHandlerMapping      : Rejected bean name 'mvcHandlerMappingIntrospector': no URL paths identified
2018-04-14 13:02:59.720 DEBUG 76529 --- [main] o.s.w.s.h.BeanNameUrlHandlerMapping      : Rejected bean name 'org.springframework.boot.autoconfigure.web.servlet.WebMvcAutoConfiguration$WebMvcAutoConfigurationAdapter': no URL paths identified
2018-04-14 13:02:59.720 DEBUG 76529 --- [main] o.s.w.s.h.BeanNameUrlHandlerMapping      : Rejected bean name 'defaultViewResolver': no URL paths identified
2018-04-14 13:02:59.720 DEBUG 76529 --- [main] o.s.w.s.h.BeanNameUrlHandlerMapping      : Rejected bean name 'viewResolver': no URL paths identified
2018-04-14 13:02:59.720 DEBUG 76529 --- [main] o.s.w.s.h.BeanNameUrlHandlerMapping      : Rejected bean name 'welcomePageHandlerMapping': no URL paths identified
2018-04-14 13:02:59.720 DEBUG 76529 --- [main] o.s.w.s.h.BeanNameUrlHandlerMapping      : Rejected bean name 'requestContextFilter': no URL paths identified
2018-04-14 13:02:59.720 DEBUG 76529 --- [main] o.s.w.s.h.BeanNameUrlHandlerMapping      : Rejected bean name 'org.springframework.boot.autoconfigure.web.servlet.WebMvcAutoConfiguration': no URL paths identified
2018-04-14 13:02:59.720 DEBUG 76529 --- [main] o.s.w.s.h.BeanNameUrlHandlerMapping      : Rejected bean name 'hiddenHttpMethodFilter': no URL paths identified
2018-04-14 13:02:59.720 DEBUG 76529 --- [main] o.s.w.s.h.BeanNameUrlHandlerMapping      : Rejected bean name 'httpPutFormContentFilter': no URL paths identified
2018-04-14 13:02:59.720 DEBUG 76529 --- [main] o.s.w.s.h.BeanNameUrlHandlerMapping      : Rejected bean name 'org.springframework.boot.autoconfigure.jmx.JmxAutoConfiguration': no URL paths identified
2018-04-14 13:02:59.720 DEBUG 76529 --- [main] o.s.w.s.h.BeanNameUrlHandlerMapping      : Rejected bean name 'mbeanExporter': no URL paths identified
2018-04-14 13:02:59.721 DEBUG 76529 --- [main] o.s.w.s.h.BeanNameUrlHandlerMapping      : Rejected bean name 'objectNamingStrategy': no URL paths identified
2018-04-14 13:02:59.721 DEBUG 76529 --- [main] o.s.w.s.h.BeanNameUrlHandlerMapping      : Rejected bean name 'mbeanServer': no URL paths identified
2018-04-14 13:02:59.721 DEBUG 76529 --- [main] o.s.w.s.h.BeanNameUrlHandlerMapping      : Rejected bean name 'org.springframework.boot.autoconfigure.context.ConfigurationPropertiesAutoConfiguration': no URL paths identified
2018-04-14 13:02:59.721 DEBUG 76529 --- [main] o.s.w.s.h.BeanNameUrlHandlerMapping      : Rejected bean name 'org.springframework.boot.autoconfigure.jackson.JacksonAutoConfiguration$Jackson2ObjectMapperBuilderCustomizerConfiguration': no URL paths identified
2018-04-14 13:02:59.721 DEBUG 76529 --- [main] o.s.w.s.h.BeanNameUrlHandlerMapping      : Rejected bean name 'standardJacksonObjectMapperBuilderCustomizer': no URL paths identified
2018-04-14 13:02:59.721 DEBUG 76529 --- [main] o.s.w.s.h.BeanNameUrlHandlerMapping      : Rejected bean name 'spring.jackson-org.springframework.boot.autoconfigure.jackson.JacksonProperties': no URL paths identified
2018-04-14 13:02:59.721 DEBUG 76529 --- [main] o.s.w.s.h.BeanNameUrlHandlerMapping      : Rejected bean name 'org.springframework.boot.autoconfigure.jackson.JacksonAutoConfiguration$JacksonObjectMapperBuilderConfiguration': no URL paths identified
2018-04-14 13:02:59.721 DEBUG 76529 --- [main] o.s.w.s.h.BeanNameUrlHandlerMapping      : Rejected bean name 'jacksonObjectMapperBuilder': no URL paths identified
2018-04-14 13:02:59.721 DEBUG 76529 --- [main] o.s.w.s.h.BeanNameUrlHandlerMapping      : Rejected bean name 'org.springframework.boot.autoconfigure.jackson.JacksonAutoConfiguration$ParameterNamesModuleConfiguration': no URL paths identified
2018-04-14 13:02:59.722 DEBUG 76529 --- [main] o.s.w.s.h.BeanNameUrlHandlerMapping      : Rejected bean name 'parameterNamesModule': no URL paths identified
2018-04-14 13:02:59.722 DEBUG 76529 --- [main] o.s.w.s.h.BeanNameUrlHandlerMapping      : Rejected bean name 'org.springframework.boot.autoconfigure.jackson.JacksonAutoConfiguration$JacksonObjectMapperConfiguration': no URL paths identified
2018-04-14 13:02:59.722 DEBUG 76529 --- [main] o.s.w.s.h.BeanNameUrlHandlerMapping      : Rejected bean name 'jacksonObjectMapper': no URL paths identified
2018-04-14 13:02:59.722 DEBUG 76529 --- [main] o.s.w.s.h.BeanNameUrlHandlerMapping      : Rejected bean name 'org.springframework.boot.autoconfigure.jackson.JacksonAutoConfiguration': no URL paths identified
2018-04-14 13:02:59.722 DEBUG 76529 --- [main] o.s.w.s.h.BeanNameUrlHandlerMapping      : Rejected bean name 'jsonComponentModule': no URL paths identified
2018-04-14 13:02:59.722 DEBUG 76529 --- [main] o.s.w.s.h.BeanNameUrlHandlerMapping      : Rejected bean name 'org.springframework.boot.autoconfigure.http.HttpMessageConvertersAutoConfiguration$StringHttpMessageConverterConfiguration': no URL paths identified
2018-04-14 13:02:59.722 DEBUG 76529 --- [main] o.s.w.s.h.BeanNameUrlHandlerMapping      : Rejected bean name 'stringHttpMessageConverter': no URL paths identified
2018-04-14 13:02:59.723 DEBUG 76529 --- [main] o.s.w.s.h.BeanNameUrlHandlerMapping      : Rejected bean name 'spring.http.encoding-org.springframework.boot.autoconfigure.http.HttpEncodingProperties': no URL paths identified
2018-04-14 13:02:59.723 DEBUG 76529 --- [main] o.s.w.s.h.BeanNameUrlHandlerMapping      : Rejected bean name 'org.springframework.boot.autoconfigure.http.JacksonHttpMessageConvertersConfiguration$MappingJackson2HttpMessageConverterConfiguration': no URL paths identified
2018-04-14 13:02:59.723 DEBUG 76529 --- [main] o.s.w.s.h.BeanNameUrlHandlerMapping      : Rejected bean name 'mappingJackson2HttpMessageConverter': no URL paths identified
2018-04-14 13:02:59.723 DEBUG 76529 --- [main] o.s.w.s.h.BeanNameUrlHandlerMapping      : Rejected bean name 'org.springframework.boot.autoconfigure.http.JacksonHttpMessageConvertersConfiguration': no URL paths identified
2018-04-14 13:02:59.723 DEBUG 76529 --- [main] o.s.w.s.h.BeanNameUrlHandlerMapping      : Rejected bean name 'org.springframework.boot.autoconfigure.http.HttpMessageConvertersAutoConfiguration': no URL paths identified
2018-04-14 13:02:59.723 DEBUG 76529 --- [main] o.s.w.s.h.BeanNameUrlHandlerMapping      : Rejected bean name 'messageConverters': no URL paths identified
2018-04-14 13:02:59.723 DEBUG 76529 --- [main] o.s.w.s.h.BeanNameUrlHandlerMapping      : Rejected bean name 'org.springframework.boot.autoconfigure.http.codec.CodecsAutoConfiguration$JacksonCodecConfiguration': no URL paths identified
2018-04-14 13:02:59.723 DEBUG 76529 --- [main] o.s.w.s.h.BeanNameUrlHandlerMapping      : Rejected bean name 'jacksonCodecCustomizer': no URL paths identified
2018-04-14 13:02:59.723 DEBUG 76529 --- [main] o.s.w.s.h.BeanNameUrlHandlerMapping      : Rejected bean name 'org.springframework.boot.autoconfigure.http.codec.CodecsAutoConfiguration': no URL paths identified
2018-04-14 13:02:59.724 DEBUG 76529 --- [main] o.s.w.s.h.BeanNameUrlHandlerMapping      : Rejected bean name 'org.springframework.boot.autoconfigure.info.ProjectInfoAutoConfiguration': no URL paths identified
2018-04-14 13:02:59.724 DEBUG 76529 --- [main] o.s.w.s.h.BeanNameUrlHandlerMapping      : Rejected bean name 'spring.info-org.springframework.boot.autoconfigure.info.ProjectInfoProperties': no URL paths identified
2018-04-14 13:02:59.724 DEBUG 76529 --- [main] o.s.w.s.h.BeanNameUrlHandlerMapping      : Rejected bean name 'org.springframework.boot.autoconfigure.security.reactive.ReactiveSecurityAutoConfiguration': no URL paths identified
2018-04-14 13:02:59.724 DEBUG 76529 --- [main] o.s.w.s.h.BeanNameUrlHandlerMapping      : Rejected bean name 'spring.security-org.springframework.boot.autoconfigure.security.SecurityProperties': no URL paths identified
2018-04-14 13:02:59.724 DEBUG 76529 --- [main] o.s.w.s.h.BeanNameUrlHandlerMapping      : Rejected bean name 'org.springframework.boot.autoconfigure.web.client.RestTemplateAutoConfiguration': no URL paths identified
2018-04-14 13:02:59.724 DEBUG 76529 --- [main] o.s.w.s.h.BeanNameUrlHandlerMapping      : Rejected bean name 'restTemplateBuilder': no URL paths identified
2018-04-14 13:02:59.724 DEBUG 76529 --- [main] o.s.w.s.h.BeanNameUrlHandlerMapping      : Rejected bean name 'org.springframework.boot.autoconfigure.web.embedded.EmbeddedWebServerFactoryCustomizerAutoConfiguration$TomcatWebServerFactoryCustomizerConfiguration': no URL paths identified
2018-04-14 13:02:59.724 DEBUG 76529 --- [main] o.s.w.s.h.BeanNameUrlHandlerMapping      : Rejected bean name 'tomcatWebServerFactoryCustomizer': no URL paths identified
2018-04-14 13:02:59.724 DEBUG 76529 --- [main] o.s.w.s.h.BeanNameUrlHandlerMapping      : Rejected bean name 'org.springframework.boot.autoconfigure.web.embedded.EmbeddedWebServerFactoryCustomizerAutoConfiguration': no URL paths identified
2018-04-14 13:02:59.724 DEBUG 76529 --- [main] o.s.w.s.h.BeanNameUrlHandlerMapping      : Rejected bean name 'org.springframework.boot.autoconfigure.web.servlet.HttpEncodingAutoConfiguration': no URL paths identified
2018-04-14 13:02:59.725 DEBUG 76529 --- [main] o.s.w.s.h.BeanNameUrlHandlerMapping      : Rejected bean name 'characterEncodingFilter': no URL paths identified
2018-04-14 13:02:59.725 DEBUG 76529 --- [main] o.s.w.s.h.BeanNameUrlHandlerMapping      : Rejected bean name 'localeCharsetMappingsCustomizer': no URL paths identified
2018-04-14 13:02:59.725 DEBUG 76529 --- [main] o.s.w.s.h.BeanNameUrlHandlerMapping      : Rejected bean name 'org.springframework.boot.autoconfigure.web.servlet.MultipartAutoConfiguration': no URL paths identified
2018-04-14 13:02:59.725 DEBUG 76529 --- [main] o.s.w.s.h.BeanNameUrlHandlerMapping      : Rejected bean name 'multipartConfigElement': no URL paths identified
2018-04-14 13:02:59.725 DEBUG 76529 --- [main] o.s.w.s.h.BeanNameUrlHandlerMapping      : Rejected bean name 'multipartResolver': no URL paths identified
2018-04-14 13:02:59.725 DEBUG 76529 --- [main] o.s.w.s.h.BeanNameUrlHandlerMapping      : Rejected bean name 'spring.servlet.multipart-org.springframework.boot.autoconfigure.web.servlet.MultipartProperties': no URL paths identified
2018-04-14 13:02:59.725 DEBUG 76529 --- [main] o.s.w.s.h.BeanNameUrlHandlerMapping      : Rejected bean name 'autoConfigurationReport': no URL paths identified
2018-04-14 13:02:59.725 DEBUG 76529 --- [main] o.s.w.s.h.BeanNameUrlHandlerMapping      : Rejected bean name 'org.springframework.boot.context.ContextIdApplicationContextInitializer$ContextId': no URL paths identified
2018-04-14 13:02:59.725 DEBUG 76529 --- [main] o.s.w.s.h.BeanNameUrlHandlerMapping      : Rejected bean name 'springApplicationArguments': no URL paths identified
2018-04-14 13:02:59.725 DEBUG 76529 --- [main] o.s.w.s.h.BeanNameUrlHandlerMapping      : Rejected bean name 'springBootBanner': no URL paths identified
2018-04-14 13:02:59.726 DEBUG 76529 --- [main] o.s.w.s.h.BeanNameUrlHandlerMapping      : Rejected bean name 'springBootLoggingSystem': no URL paths identified
2018-04-14 13:02:59.726 DEBUG 76529 --- [main] o.s.w.s.h.BeanNameUrlHandlerMapping      : Rejected bean name 'environment': no URL paths identified
2018-04-14 13:02:59.726 DEBUG 76529 --- [main] o.s.w.s.h.BeanNameUrlHandlerMapping      : Rejected bean name 'systemProperties': no URL paths identified
2018-04-14 13:02:59.726 DEBUG 76529 --- [main] o.s.w.s.h.BeanNameUrlHandlerMapping      : Rejected bean name 'systemEnvironment': no URL paths identified
2018-04-14 13:02:59.726 DEBUG 76529 --- [main] o.s.w.s.h.BeanNameUrlHandlerMapping      : Rejected bean name 'org.springframework.context.annotation.ConfigurationClassPostProcessor.importRegistry': no URL paths identified
2018-04-14 13:02:59.726 DEBUG 76529 --- [main] o.s.w.s.h.BeanNameUrlHandlerMapping      : Rejected bean name 'messageSource': no URL paths identified
2018-04-14 13:02:59.726 DEBUG 76529 --- [main] o.s.w.s.h.BeanNameUrlHandlerMapping      : Rejected bean name 'applicationEventMulticaster': no URL paths identified
2018-04-14 13:02:59.726 DEBUG 76529 --- [main] o.s.w.s.h.BeanNameUrlHandlerMapping      : Rejected bean name 'servletContext': no URL paths identified
2018-04-14 13:02:59.726 DEBUG 76529 --- [main] o.s.w.s.h.BeanNameUrlHandlerMapping      : Rejected bean name 'contextParameters': no URL paths identified
2018-04-14 13:02:59.726 DEBUG 76529 --- [main] o.s.w.s.h.BeanNameUrlHandlerMapping      : Rejected bean name 'contextAttributes': no URL paths identified
2018-04-14 13:02:59.733  INFO 76529 --- [main] o.s.w.s.handler.SimpleUrlHandlerMapping  : Mapped URL path [/webjars/**] onto handler of type [class org.springframework.web.servlet.resource.ResourceHttpRequestHandler]
2018-04-14 13:02:59.733  INFO 76529 --- [main] o.s.w.s.handler.SimpleUrlHandlerMapping  : Mapped URL path [/**] onto handler of type [class org.springframework.web.servlet.resource.ResourceHttpRequestHandler]
2018-04-14 13:02:59.747 DEBUG 76529 --- [main] .m.m.a.ExceptionHandlerExceptionResolver : Looking for exception mappings: org.springframework.boot.web.servlet.context.AnnotationConfigServletWebServerApplicationContext@7a4ccb53: startup date [Sat Apr 14 13:02:56 EDT 2018]; root of context hierarchy
2018-04-14 13:02:59.929  INFO 76529 --- [main] o.s.j.e.a.AnnotationMBeanExporter        : Registering beans for JMX exposure on startup
2018-04-14 13:02:59.944 DEBUG 76529 --- [main] o.s.w.s.resource.ResourceUrlProvider     : Looking for resource handler mappings
2018-04-14 13:02:59.944 DEBUG 76529 --- [main] o.s.w.s.resource.ResourceUrlProvider     : Found resource handler mapping: URL pattern="/**/favicon.ico", locations=[class path resource [META-INF/resources/], class path resource [resources/], class path resource [static/], class path resource [public/], ServletContext resource [/], class path resource []], resolvers=[org.springframework.web.servlet.resource.PathResourceResolver@3ad394e6]
2018-04-14 13:02:59.945 DEBUG 76529 --- [main] o.s.w.s.resource.ResourceUrlProvider     : Found resource handler mapping: URL pattern="/webjars/**", locations=[class path resource [META-INF/resources/webjars/]], resolvers=[org.springframework.web.servlet.resource.PathResourceResolver@6058e535]
2018-04-14 13:02:59.945 DEBUG 76529 --- [main] o.s.w.s.resource.ResourceUrlProvider     : Found resource handler mapping: URL pattern="/**", locations=[class path resource [META-INF/resources/], class path resource [resources/], class path resource [static/], class path resource [public/], ServletContext resource [/]], resolvers=[org.springframework.web.servlet.resource.PathResourceResolver@42deb43a]
2018-04-14 13:02:59.989  INFO 76529 --- [main] o.s.b.w.embedded.tomcat.TomcatWebServer  : Tomcat started on port(s): 8081 (http) with context path ''
2018-04-14 13:02:59.990 DEBUG 76529 --- [main] o.s.w.c.s.StandardServletEnvironment     : Adding PropertySource 'server.ports' with highest search precedence
2018-04-14 13:02:59.995  INFO 76529 --- [main] c.n.s.p.PracticeBootBasicApplication     : Started PracticeBootBasicApplication in 3.926 seconds (JVM running for 4.546)
2018-04-14 13:02:59.999  INFO 76529 --- [main] c.n.s.p.PracticeBootBasicApplication     : com.nihal.springboot.practiceBoot.scope.personsDAO@2e6ee0bc
2018-04-14 13:02:59.999  INFO 76529 --- [main] c.n.s.p.PracticeBootBasicApplication     : com.nihal.springboot.practiceBoot.scope.JDBCConnectionBean@3be8821f
2018-04-14 13:03:00.010  INFO 76529 --- [main] c.n.s.p.PracticeBootBasicApplication     : com.nihal.springboot.practiceBoot.scope.personsDAO@2e6ee0bc
2018-04-14 13:03:00.010  INFO 76529 --- [main] c.n.s.p.PracticeBootBasicApplication     : com.nihal.springboot.practiceBoot.scope.JDBCConnectionBean@64b31700
2018-04-14 13:03:21.235  INFO 76529 --- [Thread-3] ConfigServletWebServerApplicationContext : Closing org.springframework.boot.web.servlet.context.AnnotationConfigServletWebServerApplicationContext@7a4ccb53: startup date [Sat Apr 14 13:02:56 EDT 2018]; root of context hierarchy
2018-04-14 13:03:21.237  INFO 76529 --- [Thread-3] o.s.j.e.a.AnnotationMBeanExporter        : Unregistering JMX-exposed beans on shutdown
